Namespace(dataset='CIFAR10', model_type='VGG', size=16, batch_norm=False, 
width=1, epochs=100, lr=0.08, weight_decay=0.0005, variant='a', wandb=True, 
test=True, checkpoint_midway=False)
wandb: Currently logged in as: epistoteles. Use `wandb login --relogin` to force relogin
wandb: wandb version 0.16.0 is available!  To upgrade, please run:
wandb:  $ pip install wandb --upgrade
wandb: Tracking run with wandb version 0.15.3
wandb: Run data is saved locally in /home/korbinian/Documents/partial-model-merging/wandb/run-20231109_182917-g2xl62ra
wandb: Run `wandb offline` to turn off syncing.
wandb: Syncing run legendary-music-128
wandb: ⭐️ View project at https://wandb.ai/epistoteles/partial-model-merging
wandb: 🚀 View run at https://wandb.ai/epistoteles/partial-model-merging/runs/g2xl62ra
Traceback (most recent call last):
  File "/home/korbinian/Documents/partial-model-merging/src/train.py", line 128, in <module>
    main()
  File "/home/korbinian/Documents/partial-model-merging/venv/lib/python3.10/site-packages/codecarbon/emissions_tracker.py", line 791, in wrapped_fn
    fn_result = fn(*args, **kwargs)
  File "/home/korbinian/Documents/partial-model-merging/src/train.py", line 27, in main
    train_aug_loader, _, test_loader = get_loaders(args.dataset)
  File "/home/korbinian/Documents/partial-model-merging/src/utils.py", line 1148, in get_loaders
    train_aug_loader = Loader(
  File "/home/korbinian/Documents/partial-model-merging/venv/lib/python3.10/site-packages/ffcv/loader/loader.py", line 142, in __init__
    Compiler.set_num_threads(self.num_workers)
  File "/home/korbinian/Documents/partial-model-merging/venv/lib/python3.10/site-packages/ffcv/pipeline/compiler.py", line 19, in set_num_threads
    set_num_threads(n)
  File "/home/korbinian/Documents/partial-model-merging/venv/lib/python3.10/site-packages/numba/np/ufunc/parallel.py", line 608, in set_num_threads
    snt_check(n)
  File "/home/korbinian/Documents/partial-model-merging/venv/lib/python3.10/site-packages/numba/np/ufunc/parallel.py", line 570, in snt_check
    raise ValueError(msg)
ValueError: The number of threads must be between 1 and 4
wandb: Waiting for W&B process to finish... (failed 1). Press Control-C to abort syncing.
wandb: 🚀 View run legendary-music-128 at: https://wandb.ai/epistoteles/partial-model-merging/runs/g2xl62ra
wandb: Synced 5 W&B file(s), 0 media file(s), 2 artifact file(s) and 0 other file(s)
wandb: Find logs at: ./wandb/run-20231109_182917-g2xl62ra/logs
