-------------------SBATCH STATS-------------------
Total CPU cores:      6
Visible CPU cores:    3
Visible GPUs:         NVIDIA GeForce RTX 3060
--------------------------------------------------
Namespace(dataset='CIFAR10', model_type='ResNet', size=18, batch_norm=True, 
width=1.0, epochs=100, lr=0.08, weight_decay=0.0005, variant='a', wandb=True, 
test=True, checkpoint_midway=False)
wandb: Currently logged in as: epistoteles. Use `wandb login --relogin` to force relogin
wandb: wandb version 0.16.0 is available!  To upgrade, please run:
wandb:  $ pip install wandb --upgrade
wandb: Tracking run with wandb version 0.15.3
wandb: Run data is saved locally in /home/korbinian/Documents/partial-model-merging/wandb/run-20231118_220334-vtrevz2u
wandb: Run `wandb offline` to turn off syncing.
wandb: Syncing run spring-firefly-160
wandb: ⭐️ View project at https://wandb.ai/epistoteles/partial-model-merging
wandb: 🚀 View run at https://wandb.ai/epistoteles/partial-model-merging/runs/vtrevz2u
Working...                                            0% -:--:--
Traceback (most recent call last):
  File "/home/korbinian/Documents/partial-model-merging/src/train.py", line 129, in <module>
    main()
  File "/home/korbinian/Documents/partial-model-merging/venv/lib/python3.10/site-packages/codecarbon/emissions_tracker.py", line 791, in wrapped_fn
    fn_result = fn(*args, **kwargs)
  File "/home/korbinian/Documents/partial-model-merging/src/train.py", line 67, in main
    outputs = model(inputs.cuda())
  File "/home/korbinian/Documents/partial-model-merging/venv/lib/python3.10/site-packages/torch/nn/modules/module.py", line 1501, in _call_impl
    return forward_call(*args, **kwargs)
  File "/home/korbinian/Documents/partial-model-merging/src/models/ResNet.py", line 105, in forward
    out = self.layer2(out)
  File "/home/korbinian/Documents/partial-model-merging/venv/lib/python3.10/site-packages/torch/nn/modules/module.py", line 1501, in _call_impl
    return forward_call(*args, **kwargs)
  File "/home/korbinian/Documents/partial-model-merging/venv/lib/python3.10/site-packages/torch/nn/modules/container.py", line 217, in forward
    input = module(input)
  File "/home/korbinian/Documents/partial-model-merging/venv/lib/python3.10/site-packages/torch/nn/modules/module.py", line 1501, in _call_impl
    return forward_call(*args, **kwargs)
  File "/home/korbinian/Documents/partial-model-merging/src/models/ResNet.py", line 44, in forward
    out += self.downsample(x)
RuntimeError: The size of tensor a (16) must match the size of tensor b (17) at non-singleton dimension 3
wandb: Waiting for W&B process to finish... (failed 1). Press Control-C to abort syncing.
wandb: - 0.002 MB of 0.002 MB uploaded (0.000 MB deduped)wandb: \ 0.002 MB of 0.002 MB uploaded (0.000 MB deduped)wandb: | 0.002 MB of 0.002 MB uploaded (0.000 MB deduped)wandb: / 0.002 MB of 0.002 MB uploaded (0.000 MB deduped)wandb: - 0.002 MB of 0.002 MB uploaded (0.000 MB deduped)wandb: \ 0.002 MB of 0.002 MB uploaded (0.000 MB deduped)wandb: 🚀 View run spring-firefly-160 at: https://wandb.ai/epistoteles/partial-model-merging/runs/vtrevz2u
wandb: Synced 5 W&B file(s), 0 media file(s), 2 artifact file(s) and 0 other file(s)
wandb: Find logs at: ./wandb/run-20231118_220334-vtrevz2u/logs
Namespace(dataset='CIFAR10', model_type='ResNet', size=18, batch_norm=True, 
width=1.0, epochs=100, lr=0.08, weight_decay=0.0005, variant='b', wandb=True, 
test=True, checkpoint_midway=False)
wandb: Currently logged in as: epistoteles. Use `wandb login --relogin` to force relogin
wandb: wandb version 0.16.0 is available!  To upgrade, please run:
wandb:  $ pip install wandb --upgrade
wandb: Tracking run with wandb version 0.15.3
wandb: Run data is saved locally in /home/korbinian/Documents/partial-model-merging/wandb/run-20231118_220402-s96qc4y1
wandb: Run `wandb offline` to turn off syncing.
wandb: Syncing run hearty-microwave-161
wandb: ⭐️ View project at https://wandb.ai/epistoteles/partial-model-merging
wandb: 🚀 View run at https://wandb.ai/epistoteles/partial-model-merging/runs/s96qc4y1
Working...                                            0% -:--:--
Traceback (most recent call last):
  File "/home/korbinian/Documents/partial-model-merging/src/train.py", line 129, in <module>
    main()
  File "/home/korbinian/Documents/partial-model-merging/venv/lib/python3.10/site-packages/codecarbon/emissions_tracker.py", line 791, in wrapped_fn
    fn_result = fn(*args, **kwargs)
  File "/home/korbinian/Documents/partial-model-merging/src/train.py", line 67, in main
    outputs = model(inputs.cuda())
  File "/home/korbinian/Documents/partial-model-merging/venv/lib/python3.10/site-packages/torch/nn/modules/module.py", line 1501, in _call_impl
    return forward_call(*args, **kwargs)
  File "/home/korbinian/Documents/partial-model-merging/src/models/ResNet.py", line 105, in forward
    out = self.layer2(out)
  File "/home/korbinian/Documents/partial-model-merging/venv/lib/python3.10/site-packages/torch/nn/modules/module.py", line 1501, in _call_impl
    return forward_call(*args, **kwargs)
  File "/home/korbinian/Documents/partial-model-merging/venv/lib/python3.10/site-packages/torch/nn/modules/container.py", line 217, in forward
    input = module(input)
  File "/home/korbinian/Documents/partial-model-merging/venv/lib/python3.10/site-packages/torch/nn/modules/module.py", line 1501, in _call_impl
    return forward_call(*args, **kwargs)
  File "/home/korbinian/Documents/partial-model-merging/src/models/ResNet.py", line 44, in forward
    out += self.downsample(x)
RuntimeError: The size of tensor a (16) must match the size of tensor b (17) at non-singleton dimension 3
wandb: Waiting for W&B process to finish... (failed 1). Press Control-C to abort syncing.
wandb: 🚀 View run hearty-microwave-161 at: https://wandb.ai/epistoteles/partial-model-merging/runs/s96qc4y1
wandb: Synced 5 W&B file(s), 0 media file(s), 0 artifact file(s) and 0 other file(s)
wandb: Find logs at: ./wandb/run-20231118_220402-s96qc4y1/logs
